<?xml version="1.0" encoding="UTF-8"?>
<!-- Generated by org.testng.reporters.JUnitReportReporter -->
<testsuite hostname="ChakDevice" failures="0" tests="1" name="testngTest.Demo" time="2.924" errors="0" timestamp="2024-09-11T18:30:43 IST" skipped="0">
  <testcase classname="testngTest.Demo" name="google" time="2.924"/>
</testsuite> <!-- testngTest.Demo -->
