<?xml version="1.0" encoding="UTF-8"?>
<!-- Generated by org.testng.reporters.JUnitReportReporter -->
<testsuite hostname="ChakDevice" failures="0" tests="1" name="testngTest.Demo" time="3.761" errors="0" timestamp="2024-09-11T19:34:02 IST" skipped="0">
  <testcase classname="testngTest.Demo" name="google" time="3.761"/>
</testsuite> <!-- testngTest.Demo -->
