<?xml version="1.0" encoding="UTF-8"?>
<!-- Generated by org.testng.reporters.JUnitReportReporter -->
<testsuite hostname="ChakDevice" failures="0" tests="1" name="testngTest.Demo" time="2.943" errors="0" timestamp="2024-09-12T13:43:00 IST" skipped="0">
  <testcase classname="testngTest.Demo" name="google" time="2.943"/>
</testsuite> <!-- testngTest.Demo -->
